<?xml version="1.0" encoding="UTF-8"?>
<!-- Generated by org.testng.reporters.JUnitReportReporter -->
<testsuite hostname="DESKTOP-6IT123O" name="Satish.Rediff" tests="1" failures="0" timestamp="14 Aug 2022 15:43:39 GMT" time="3.310" errors="1">
  <testcase name="Addto" time="3.310" classname="Satish.Rediff">
    <error type="org.openqa.selenium.SessionNotCreatedException" message="session not created: This version of ChromeDriver only supports Chrome version 102
Current browser version is 104.0.5112.81 with binary path C:\Program Files\Google\Chrome\Application\chrome.exe
Build info: version: &#039;3.141.59&#039;, revision: &#039;e82be7d358&#039;, time: &#039;2018-11-14T08:17:03&#039;
System info: host: &#039;DESKTOP-6IT123O&#039;, ip: &#039;192.168.226.142&#039;, os.name: &#039;Windows 10&#039;, os.arch: &#039;amd64&#039;, os.version: &#039;10.0&#039;, java.version: &#039;1.8.0_121&#039;
Driver info: driver.version: ChromeDriver
remote stacktrace: Backtrace:
	Ordinal0 [0x0068D953+2414931]
	Ordinal0 [0x0061F5E1+1963489]
	Ordinal0 [0x0050C6B8+837304]
	Ordinal0 [0x0052CAE3+969443]
	Ordinal0 [0x005286FA+952058]
	Ordinal0 [0x00525FB1+942001]
	Ordinal0 [0x00559100+1151232]
	Ordinal0 [0x00558D5A+1150298]
	Ordinal0 [0x005542B6+1131190]
	Ordinal0 [0x0052E860+976992]
	Ordinal0 [0x0052F756+980822]
	GetHandleVerifier [0x008FCC62+2510274]
	GetHandleVerifier [0x008EF760+2455744]
	GetHandleVerifier [0x0071EABA+551962]
	GetHandleVerifier [0x0071D916+547446]
	Ordinal0 [0x00625F3B+1990459]
	Ordinal0 [0x0062A898+2009240]
	Ordinal0 [0x0062A985+2009477]
	Ordinal0 [0x00633AD1+2046673]
	BaseThreadInitThunk [0x765D6739+25]
	RtlGetFullPathName_UEx [0x774C8FEF+1215]
	RtlGetFullPathName_UEx [0x774C8FBD+1165]
">
      <![CDATA[org.openqa.selenium.SessionNotCreatedException: session not created: This version of ChromeDriver only supports Chrome version 102
Current browser version is 104.0.5112.81 with binary path C:\Program Files\Google\Chrome\Application\chrome.exe
Build info: version: '3.141.59', revision: 'e82be7d358', time: '2018-11-14T08:17:03'
System info: host: 'DESKTOP-6IT123O', ip: '192.168.226.142', os.name: 'Windows 10', os.arch: 'amd64', os.version: '10.0', java.version: '1.8.0_121'
Driver info: driver.version: ChromeDriver
remote stacktrace: Backtrace:
	Ordinal0 [0x0068D953+2414931]
	Ordinal0 [0x0061F5E1+1963489]
	Ordinal0 [0x0050C6B8+837304]
	Ordinal0 [0x0052CAE3+969443]
	Ordinal0 [0x005286FA+952058]
	Ordinal0 [0x00525FB1+942001]
	Ordinal0 [0x00559100+1151232]
	Ordinal0 [0x00558D5A+1150298]
	Ordinal0 [0x005542B6+1131190]
	Ordinal0 [0x0052E860+976992]
	Ordinal0 [0x0052F756+980822]
	GetHandleVerifier [0x008FCC62+2510274]
	GetHandleVerifier [0x008EF760+2455744]
	GetHandleVerifier [0x0071EABA+551962]
	GetHandleVerifier [0x0071D916+547446]
	Ordinal0 [0x00625F3B+1990459]
	Ordinal0 [0x0062A898+2009240]
	Ordinal0 [0x0062A985+2009477]
	Ordinal0 [0x00633AD1+2046673]
	BaseThreadInitThunk [0x765D6739+25]
	RtlGetFullPathName_UEx [0x774C8FEF+1215]
	RtlGetFullPathName_UEx [0x774C8FBD+1165]

	at sun.reflect.NativeConstructorAccessorImpl.newInstance0(Native Method)
	at sun.reflect.NativeConstructorAccessorImpl.newInstance(Unknown Source)
	at sun.reflect.DelegatingConstructorAccessorImpl.newInstance(Unknown Source)
	at java.lang.reflect.Constructor.newInstance(Unknown Source)
	at org.openqa.selenium.remote.W3CHandshakeResponse.lambda$errorHandler$0(W3CHandshakeResponse.java:62)
	at org.openqa.selenium.remote.HandshakeResponse.lambda$getResponseFunction$0(HandshakeResponse.java:30)
	at org.openqa.selenium.remote.ProtocolHandshake.lambda$createSession$0(ProtocolHandshake.java:126)
	at java.util.stream.ReferencePipeline$3$1.accept(Unknown Source)
	at java.util.Spliterators$ArraySpliterator.tryAdvance(Unknown Source)
	at java.util.stream.ReferencePipeline.forEachWithCancel(Unknown Source)
	at java.util.stream.AbstractPipeline.copyIntoWithCancel(Unknown Source)
	at java.util.stream.AbstractPipeline.copyInto(Unknown Source)
	at java.util.stream.AbstractPipeline.wrapAndCopyInto(Unknown Source)
	at java.util.stream.FindOps$FindOp.evaluateSequential(Unknown Source)
	at java.util.stream.AbstractPipeline.evaluate(Unknown Source)
	at java.util.stream.ReferencePipeline.findFirst(Unknown Source)
	at org.openqa.selenium.remote.ProtocolHandshake.createSession(ProtocolHandshake.java:128)
	at org.openqa.selenium.remote.ProtocolHandshake.createSession(ProtocolHandshake.java:74)
	at org.openqa.selenium.remote.HttpCommandExecutor.execute(HttpCommandExecutor.java:136)
	at org.openqa.selenium.remote.service.DriverCommandExecutor.execute(DriverCommandExecutor.java:83)
	at org.openqa.selenium.remote.RemoteWebDriver.execute(RemoteWebDriver.java:552)
	at org.openqa.selenium.remote.RemoteWebDriver.startSession(RemoteWebDriver.java:213)
	at org.openqa.selenium.remote.RemoteWebDriver.<init>(RemoteWebDriver.java:131)
	at org.openqa.selenium.chrome.ChromeDriver.<init>(ChromeDriver.java:181)
	at org.openqa.selenium.chrome.ChromeDriver.<init>(ChromeDriver.java:168)
	at org.openqa.selenium.chrome.ChromeDriver.<init>(ChromeDriver.java:123)
	at Satish.Rediff.Addto(Rediff.java:12)
	at sun.reflect.NativeMethodAccessorImpl.invoke0(Native Method)
	at sun.reflect.NativeMethodAccessorImpl.invoke(Unknown Source)
	at sun.reflect.DelegatingMethodAccessorImpl.invoke(Unknown Source)
	at java.lang.reflect.Method.invoke(Unknown Source)
	at org.testng.internal.MethodInvocationHelper.invokeMethod(MethodInvocationHelper.java:86)
	at org.testng.internal.Invoker.invokeMethod(Invoker.java:643)
	at org.testng.internal.Invoker.invokeTestMethod(Invoker.java:820)
	at org.testng.internal.Invoker.invokeTestMethods(Invoker.java:1128)
	at org.testng.internal.TestMethodWorker.invokeTestMethods(TestMethodWorker.java:129)
	at org.testng.internal.TestMethodWorker.run(TestMethodWorker.java:112)
	at org.testng.TestRunner.privateRun(TestRunner.java:782)
	at org.testng.TestRunner.run(TestRunner.java:632)
	at org.testng.SuiteRunner.runTest(SuiteRunner.java:366)
	at org.testng.SuiteRunner.runSequentially(SuiteRunner.java:361)
	at org.testng.SuiteRunner.privateRun(SuiteRunner.java:319)
	at org.testng.SuiteRunner.run(SuiteRunner.java:268)
	at org.testng.SuiteRunnerWorker.runSuite(SuiteRunnerWorker.java:52)
	at org.testng.SuiteRunnerWorker.run(SuiteRunnerWorker.java:86)
	at org.testng.TestNG.runSuitesSequentially(TestNG.java:1244)
	at org.testng.TestNG.runSuitesLocally(TestNG.java:1169)
	at org.testng.TestNG.run(TestNG.java:1064)
	at org.testng.remote.AbstractRemoteTestNG.run(AbstractRemoteTestNG.java:114)
	at org.testng.remote.RemoteTestNG.initAndRun(RemoteTestNG.java:251)
	at org.testng.remote.RemoteTestNG.main(RemoteTestNG.java:77)
]]>
    </error>
  </testcase> <!-- Addto -->
</testsuite> <!-- Satish.Rediff -->
